2023-05-08 00:56:50,261:WARNING:discord.client: PyNaCl is not installed, voice will NOT be supported
2023-05-08 00:56:50,263:INFO:discord.client: logging in using static token
2023-05-08 00:56:50,483:DEBUG:discord.http: GET https://discord.com/api/v10/users/@me with None has returned 200
2023-05-08 00:56:50,483:DEBUG:discord.http: GET https://discord.com/api/v10/users/@me has received {'id': '1069775557300064337', 'username': 'Mist Testing Bot', 'global_name': None, 'display_name': None, 'avatar': None, 'discriminator': '3454', 'public_flags': 0, 'flags': 0, 'bot': True, 'banner': None, 'banner_color': None, 'accent_color': None, 'bio': '', 'locale': 'en-US', 'mfa_enabled': True, 'premium_type': 0, 'linked_users': [], 'avatar_decoration': None, 'email': None, 'verified': True}
2023-05-08 00:56:50,520:DEBUG:discord.http: GET https://discord.com/api/v10/gateway with None has returned 200
2023-05-08 00:56:50,520:DEBUG:discord.http: A rate limit bucket has been exhausted (bucket: None:None:/gateway, retry: 0.001).
2023-05-08 00:56:50,520:DEBUG:discord.http: GET https://discord.com/api/v10/gateway has received {'url': 'wss://gateway.discord.gg'}
2023-05-08 00:56:50,655:DEBUG:discord.gateway: Created websocket connected to wss://gateway.discord.gg?encoding=json&v=10&compress=zlib-stream
2023-05-08 00:56:50,656:DEBUG:discord.gateway: For Shard ID None: WebSocket Event: {'t': None, 's': None, 'op': 10, 'd': {'heartbeat_interval': 41250, '_trace': ['["gateway-prd-us-east1-d-l6n8",{"micros":0.0}]']}}
2023-05-08 00:56:50,656:INFO:discord.gateway: Shard ID None has sent the IDENTIFY payload.
2023-05-08 00:56:50,689:DEBUG:discord.gateway: For Shard ID None: WebSocket Event: {'t': None, 's': None, 'op': 11, 'd': None}
2023-05-08 00:56:50,779:DEBUG:discord.gateway: For Shard ID None: WebSocket Event: {'t': 'READY', 's': 1, 'op': 0, 'd': {'v': 10, 'user_settings': {}, 'user': {'verified': True, 'username': 'Mist Testing Bot', 'mfa_enabled': True, 'id': '1069775557300064337', 'global_name': None, 'flags': 0, 'email': None, 'display_name': None, 'discriminator': '3454', 'bot': True, 'avatar': None}, 'session_type': 'normal', 'session_id': '6a8caaf5ed557c1cd5bfd4263706d473', 'resume_gateway_url': 'wss://gateway-us-east1-d.discord.gg', 'relationships': [], 'private_channels': [], 'presences': [], 'guilds': [{'unavailable': True, 'id': '1057137564118687955'}], 'guild_join_requests': [], 'geo_ordered_rtc_regions': ['us-east', 'newark', 'us-central', 'atlanta', 'us-south'], 'application': {'id': '1069775557300064337', 'flags': 565248}, '_trace': ['["gateway-prd-us-east1-d-l6n8",{"micros":83665,"calls":["id_created",{"micros":847,"calls":[]},"session_lookup_time",{"micros":4073,"calls":[]},"session_lookup_finished",{"micros":17,"calls":[]},"discord-sessions-prd-2-300",{"micros":78341,"calls":["start_session",{"micros":51377,"calls":["discord-api-785656c5b6-m6crz",{"micros":47481,"calls":["get_user",{"micros":22899},"get_guilds",{"micros":3959},"send_scheduled_deletion_message",{"micros":11},"guild_join_requests",{"micros":1},"authorized_ip_coro",{"micros":13}]}]},"starting_guild_connect",{"micros":50,"calls":[]},"presence_started",{"micros":8485,"calls":[]},"guilds_started",{"micros":67,"calls":[]},"guilds_connect",{"micros":1,"calls":[]},"presence_connect",{"micros":18313,"calls":[]},"connect_finished",{"micros":18319,"calls":[]},"build_ready",{"micros":20,"calls":[]},"clean_ready",{"micros":21,"calls":[]},"optimize_ready",{"micros":0,"calls":[]},"split_ready",{"micros":1,"calls":[]}]}]}]']}}
2023-05-08 00:56:50,779:DEBUG:discord.client: Dispatching event socket_event_type
2023-05-08 00:56:50,779:INFO:discord.gateway: Shard ID None has connected to Gateway: ["gateway-prd-us-east1-d-l6n8",{"micros":83665,"calls":["id_created",{"micros":847,"calls":[]},"session_lookup_time",{"micros":4073,"calls":[]},"session_lookup_finished",{"micros":17,"calls":[]},"discord-sessions-prd-2-300",{"micros":78341,"calls":["start_session",{"micros":51377,"calls":["discord-api-785656c5b6-m6crz",{"micros":47481,"calls":["get_user",{"micros":22899},"get_guilds",{"micros":3959},"send_scheduled_deletion_message",{"micros":11},"guild_join_requests",{"micros":1},"authorized_ip_coro",{"micros":13}]}]},"starting_guild_connect",{"micros":50,"calls":[]},"presence_started",{"micros":8485,"calls":[]},"guilds_started",{"micros":67,"calls":[]},"guilds_connect",{"micros":1,"calls":[]},"presence_connect",{"micros":18313,"calls":[]},"connect_finished",{"micros":18319,"calls":[]},"build_ready",{"micros":20,"calls":[]},"clean_ready",{"micros":21,"calls":[]},"optimize_ready",{"micros":0,"calls":[]},"split_ready",{"micros":1,"calls":[]}]}]}] (Session ID: 6a8caaf5ed557c1cd5bfd4263706d473).
2023-05-08 00:56:50,779:DEBUG:discord.client: Dispatching event connect
2023-05-08 00:56:50,780:DEBUG:discord.gateway: For Shard ID None: WebSocket Event: {'t': 'GUILD_CREATE', 's': 2, 'op': 0, 'd': {'hub_type': None, 'lazy': True, 'embedded_activities': [], 'channels': [{'version': 1676505257407, 'type': 4, 'position': 0, 'permission_overwrites': [], 'parent_id': None, 'name': 'general', 'id': '1057137564596834304', 'flags': 0}, {'version': 1676505250322, 'type': 4, 'position': 4, 'permission_overwrites': [], 'parent_id': None, 'name': 'Voice Channels', 'id': '1057137564596834305', 'flags': 0}, {'version': 1672111636084, 'user_limit': 0, 'type': 2, 'rtc_region': None, 'rate_limit_per_user': 0, 'position': 0, 'permission_overwrites': [], 'parent_id': '1057137564596834305', 'name': 'General', 'last_message_id': None, 'id': '1057137564596834307', 'flags': 0, 'bitrate': 64000}, {'version': 1678060886232, 'type': 0, 'topic': None, 'rate_limit_per_user': 0, 'position': 0, 'permission_overwrites': [], 'parent_id': '1057137564596834304', 'nsfw': False, 'name': 'general', 'last_message_id': '1104592489681276988', 'id': '1069776946688430090', 'flags': 0}, {'version': 1678060886323, 'type': 0, 'topic': None, 'rate_limit_per_user': 0, 'position': 5, 'permission_overwrites': [{'type': 0, 'id': '1057137564118687955', 'deny': '0', 'allow': '1024'}], 'parent_id': '1075565538706722826', 'nsfw': False, 'name': 'bot-testing', 'last_message_id': '1104848869206011924', 'id': '1069777277107318794', 'flags': 0}, {'version': 1678060886250, 'type': 0, 'topic': None, 'rate_limit_per_user': 0, 'position': 1, 'permission_overwrites': [], 'parent_id': '1057137564596834304', 'nsfw': False, 'name': 'useful-commands', 'last_pin_timestamp': '2023-02-01T03:10:56+00:00', 'last_message_id': '1070179420519792640', 'id': '1070178480731471902', 'flags': 0}, {'version': 1678060886312, 'type': 0, 'topic': None, 'rate_limit_per_user': 0, 'position': 4, 'permission_overwrites': [], 'parent_id': '1075565538706722826', 'nsfw': False, 'name': 'bot-error-logs', 'last_message_id': '1104933541357301840', 'id': '1073715822687703051', 'flags': 0}, {'version': 1678060886295, 'type': 0, 'topic': None, 'rate_limit_per_user': 0, 'position': 3, 'permission_overwrites': [], 'parent_id': '1075565538706722826', 'nsfw': False, 'name': 'changelog', 'last_message_id': '1081807289696141393', 'id': '1073728756809744424', 'flags': 0}, {'version': 1676505210102, 'type': 4, 'position': 1, 'permission_overwrites': [], 'parent_id': None, 'name': 'mist-bot', 'id': '1075565538706722826', 'flags': 0}, {'version': 1678060886261, 'type': 0, 'topic': None, 'rate_limit_per_user': 0, 'position': 2, 'permission_overwrites': [], 'parent_id': '1057137564596834304', 'nsfw': False, 'name': 'resources', 'last_message_id': '1079931246630682705', 'id': '1079783513466867712', 'flags': 0}], 'joined_at': '2023-01-31T00:27:16.849812+00:00', 'system_channel_id': None, 'discovery_splash': None, 'stage_instances': [], 'large': False, 'explicit_content_filter': 2, 'member_count': 11, 'splash': None, 'guild_scheduled_events': [], 'guild_hashes': {'version': 1, 'roles': {'omitted': False, 'hash': 'W373ng'}, 'metadata': {'omitted': False, 'hash': 'LL8dow'}, 'channels': {'omitted': False, 'hash': 'B4JGuQ'}}, 'description': None, 'application_id': None, 'id': '1057137564118687955', 'max_stage_video_channel_users': 50, 'emojis': [{'version': 1674673402694, 'roles': [], 'require_colons': True, 'name': 'what', 'managed': False, 'id': '1067882363113189406', 'available': True, 'animated': False}, {'version': 1675221110864, 'roles': [], 'require_colons': True, 'name': '27275362_blizzardtransparentbatt', 'managed': False, 'id': '1070179646903160952', 'available': True, 'animated': False}, {'version': 1675221449073, 'roles': [], 'require_colons': True, 'name': 'wow', 'managed': False, 'id': '1070181065576157195', 'available': True, 'animated': False}], 'icon': None, 'verification_level': 1, 'max_video_channel_users': 25, 'stickers': [], 'preferred_locale': 'en-US', 'system_channel_flags': 0, 'presences': [{'user': {'id': '64833312220250112'}, 'status': 'idle', 'client_status': {'desktop': 'idle'}, 'activities': []}, {'user': {'id': '118268032110952453'}, 'status': 'online', 'client_status': {'desktop': 'online'}, 'activities': []}, {'user': {'id': '147099082517643264'}, 'status': 'online', 'client_status': {'desktop': 'online'}, 'activities': []}, {'user': {'id': '157064675790553088'}, 'status': 'online', 'client_status': {'desktop': 'online'}, 'activities': []}, {'user': {'id': '161697026516451328'}, 'status': 'online', 'client_status': {'desktop': 'online'}, 'activities': [{'type': 0, 'timestamps': {'start': 1683503499592}, 'name': 'World of Warcraft', 'id': 'd9fa763a482e3244', 'created_at': 1683503499562, 'application_id': '356875762940379136'}]}, {'user': {'id': '217147550027874314'}, 'status': 'online', 'client_status': {'desktop': 'online'}, 'activities': [{'type': 0, 'timestamps': {'start': 1683519597613}, 'name': 'The Binding of Isaac: Rebirth', 'id': 'c9eb64de494f4453', 'created_at': 1683519597377, 'application_id': '358420454764969994'}]}, {'user': {'id': '469566591206686730'}, 'status': 'idle', 'client_status': {'desktop': 'idle'}, 'activities': []}, {'user': {'id': '1026002436441251911'}, 'status': 'online', 'client_status': {'web': 'online'}, 'activities': []}, {'user': {'id': '1069775557300064337'}, 'status': 'online', 'client_status': {'web': 'online'}, 'activities': []}], 'banner': None, 'latest_onboarding_question_id': None, 'threads': [], 'nsfw': False, 'vanity_url_code': None, 'public_updates_channel_id': None, 'voice_states': [], 'premium_subscription_count': 0, 'application_command_counts': {}, 'home_header': None, 'members': [{'user': {'username': 'Enzyte', 'public_flags': 0, 'id': '64833312220250112', 'global_name': None, 'display_name': None, 'discriminator': '6666', 'bot': False, 'avatar_decoration': None, 'avatar': '85a7e1a1648a1d6a8684c61e55b0431d'}, 'roles': [], 'premium_since': None, 'pending': False, 'nick': None, 'mute': False, 'joined_at': '2023-05-07T01:09:34.626931+00:00', 'flags': 0, 'deaf': False, 'communication_disabled_until': None, 'avatar': None}, {'user': {'username': 'BKrenz', 'public_flags': 0, 'id': '118268032110952453', 'global_name': None, 'display_name': None, 'discriminator': '4028', 'bot': False, 'avatar_decoration': None, 'avatar': 'c7a1b21086e5d07e6b391c4242702213'}, 'roles': ['1102351895164620830'], 'premium_since': None, 'pending': False, 'nick': 'Bob', 'mute': False, 'joined_at': '2023-01-31T00:31:55.193000+00:00', 'flags': 0, 'deaf': False, 'communication_disabled_until': None, 'avatar': None}, {'user': {'username': 'Maltymilk', 'public_flags': 0, 'id': '147099082517643264', 'global_name': None, 'display_name': None, 'discriminator': '8009', 'bot': False, 'avatar_decoration': None, 'avatar': '6e388749e7f1ee3f70f496f2985e6261'}, 'roles': ['1102351987158306886'], 'premium_since': None, 'pending': False, 'nick': None, 'mute': False, 'joined_at': '2023-02-23T17:14:33.297000+00:00', 'flags': 0, 'deaf': False, 'communication_disabled_until': None, 'avatar': None}, {'user': {'username': 'r378u11', 'public_flags': 0, 'id': '157064675790553088', 'global_name': None, 'display_name': None, 'discriminator': '5232', 'bot': False, 'avatar_decoration': None, 'avatar': '0b5c40a0407dcb49be3202109eb1669a'}, 'roles': ['1102352060290179233'], 'premium_since': None, 'pending': False, 'nick': 'Beruber', 'mute': False, 'joined_at': '2023-05-01T01:37:02.194000+00:00', 'flags': 0, 'deaf': False, 'communication_disabled_until': None, 'avatar': None}, {'user': {'username': 'Cuppie', 'public_flags': 0, 'id': '161697026516451328', 'global_name': None, 'display_name': None, 'discriminator': '9152', 'bot': False, 'avatar_decoration': None, 'avatar': '7a986f10d8f42c78ac770eeba15b200a'}, 'roles': ['1102351954795057243'], 'premium_since': None, 'pending': False, 'nick': None, 'mute': False, 'joined_at': '2023-02-01T04:48:38.460000+00:00', 'flags': 0, 'deaf': False, 'communication_disabled_until': None, 'avatar': None}, {'user': {'username': 'spuggies', 'public_flags': 0, 'id': '217147550027874314', 'global_name': None, 'display_name': None, 'discriminator': '0001', 'bot': False, 'avatar_decoration': None, 'avatar': '6f698e6c3e6245d2dadf162dad825561'}, 'roles': ['1102352060290179233'], 'premium_since': None, 'pending': False, 'nick': None, 'mute': False, 'joined_at': '2022-12-27T03:27:15.975000+00:00', 'flags': 0, 'deaf': False, 'communication_disabled_until': None, 'avatar': None}, {'user': {'username': 'Saltedpork', 'public_flags': 0, 'id': '242491571654623244', 'global_name': None, 'display_name': None, 'discriminator': '6429', 'bot': False, 'avatar_decoration': None, 'avatar': 'f78b0cd5b167cbd4e8ade9e061877261'}, 'roles': ['1102351954795057243'], 'premium_since': None, 'pending': False, 'nick': None, 'mute': False, 'joined_at': '2023-02-03T19:47:47.318000+00:00', 'flags': 0, 'deaf': False, 'communication_disabled_until': None, 'avatar': None}, {'user': {'username': 'Plutar', 'public_flags': 0, 'id': '469566591206686730', 'global_name': None, 'display_name': None, 'discriminator': '0153', 'bot': False, 'avatar_decoration': None, 'avatar': '5df99a2ec2ffea061b9801ef68f847c3'}, 'roles': ['1102351987158306886'], 'premium_since': None, 'pending': False, 'nick': None, 'mute': False, 'joined_at': '2023-04-05T01:29:54.806000+00:00', 'flags': 0, 'deaf': False, 'communication_disabled_until': None, 'avatar': None}, {'user': {'username': 'Mist Bot', 'public_flags': 0, 'id': '1026002436441251911', 'global_name': None, 'display_name': None, 'discriminator': '2104', 'bot': True, 'avatar_decoration': None, 'avatar': '9cac68b04ac41df71276a3abf3a02833'}, 'roles': ['1063422838784139268'], 'premium_since': None, 'pending': False, 'nick': None, 'mute': False, 'joined_at': '2023-01-13T11:42:42.312000+00:00', 'flags': 0, 'deaf': False, 'communication_disabled_until': None, 'avatar': None}, {'user': {'username': 'Mist Testing Bot', 'public_flags': 0, 'id': '1069775557300064337', 'global_name': None, 'display_name': None, 'discriminator': '3454', 'bot': True, 'avatar_decoration': None, 'avatar': None}, 'roles': ['1069775844182069262'], 'premium_since': None, 'pending': False, 'nick': None, 'mute': False, 'joined_at': '2023-01-31T00:27:16.849812+00:00', 'flags': 0, 'deaf': False, 'communication_disabled_until': None, 'avatar': None}, {'user': {'username': 'Andy Bot', 'public_flags': 0, 'id': '1082075347421511763', 'global_name': None, 'display_name': None, 'discriminator': '5406', 'bot': True, 'avatar_decoration': None, 'avatar': '778a5a96583d9f4a04f4af08be00e303'}, 'roles': ['1082090029519740994'], 'premium_since': None, 'pending': False, 'nick': None, 'mute': False, 'joined_at': '2023-03-05T23:59:27.387693+00:00', 'flags': 0, 'deaf': False, 'communication_disabled_until': None, 'avatar': None}], 'afk_timeout': 300, 'roles': [{'version': 1678060843840, 'unicode_emoji': None, 'tags': {}, 'position': 0, 'permissions': '137411140374081', 'name': '@everyone', 'mentionable': False, 'managed': False, 'id': '1057137564118687955', 'icon': None, 'hoist': False, 'flags': 0, 'color': 0}, {'version': 1682891627597, 'unicode_emoji': None, 'tags': {'bot_id': '1026002436441251911'}, 'position': 8, 'permissions': '8', 'name': 'Mist Bot', 'mentionable': False, 'managed': True, 'id': '1063422838784139268', 'icon': None, 'hoist': False, 'flags': 0, 'color': 0}, {'version': 1682891627592, 'unicode_emoji': None, 'tags': {'bot_id': '1069775557300064337'}, 'position': 7, 'permissions': '8', 'name': 'Testing Bot', 'mentionable': False, 'managed': True, 'id': '1069775844182069262', 'icon': None, 'hoist': False, 'flags': 0, 'color': 0}, {'version': 1682891627583, 'unicode_emoji': None, 'tags': {'bot_id': '1082075347421511763'}, 'position': 6, 'permissions': '8', 'name': 'Andy Bot', 'mentionable': False, 'managed': True, 'id': '1082090029519740994', 'icon': None, 'hoist': False, 'flags': 0, 'color': 0}, {'version': 1682891627572, 'unicode_emoji': None, 'tags': {}, 'position': 5, 'permissions': '0', 'name': 'Mist Developer', 'mentionable': False, 'managed': False, 'id': '1102351895164620830', 'icon': None, 'hoist': False, 'flags': 0, 'color': 3447003}, {'version': 1682891631344, 'unicode_emoji': None, 'tags': {}, 'position': 4, 'permissions': '0', 'name': 'Mist Leadership', 'mentionable': False, 'managed': False, 'id': '1102351954795057243', 'icon': None, 'hoist': False, 'flags': 0, 'color': 2123412}, {'version': 1682891631231, 'unicode_emoji': None, 'tags': {}, 'position': 1, 'permissions': '0', 'name': '0 Commit Andy', 'mentionable': False, 'managed': False, 'id': '1102351987158306886', 'icon': None, 'hoist': False, 'flags': 0, 'color': 3066993}, {'version': 1682891627556, 'unicode_emoji': None, 'tags': {}, 'position': 3, 'permissions': '0', 'name': 'Andy Developer', 'mentionable': False, 'managed': False, 'id': '1102352060290179233', 'icon': None, 'hoist': False, 'flags': 0, 'color': 15158332}, {'version': 1682891631240, 'unicode_emoji': None, 'tags': {}, 'position': 2, 'permissions': '0', 'name': 'Andy Leadership', 'mentionable': False, 'managed': False, 'id': '1102352098957459456', 'icon': None, 'hoist': False, 'flags': 0, 'color': 10038562}], 'region': 'deprecated', 'max_members': 500000, 'nsfw_level': 0, 'incidents_data': None, 'safety_alerts_channel_id': None, 'unavailable': False, 'premium_tier': 0, 'afk_channel_id': None, 'mfa_level': 0, 'premium_progress_bar_enabled': False, 'name': 'Mist-Andy Dev Community', 'owner_id': '217147550027874314', 'rules_channel_id': None, 'features': [], 'default_message_notifications': 1}}
2023-05-08 00:56:50,780:DEBUG:discord.client: Dispatching event socket_event_type
2023-05-08 00:56:50,781:DEBUG:discord.client: Dispatching event guild_available
2023-05-08 00:56:50,866:DEBUG:discord.http: GET https://discord.com/api/v10/applications/1069775557300064337/commands with None has returned 200
2023-05-08 00:56:50,866:DEBUG:discord.http: GET https://discord.com/api/v10/applications/1069775557300064337/commands has received []
2023-05-08 00:56:50,866:DEBUG:discord.bot: Bulk updating commands {'hello': 'upsert'} for guild None
2023-05-08 00:56:51,044:DEBUG:discord.http: PUT https://discord.com/api/v10/applications/1069775557300064337/commands with [{"name":"hello","description":"No description provided","options":[]}] has returned 200
2023-05-08 00:56:51,044:DEBUG:discord.http: PUT https://discord.com/api/v10/applications/1069775557300064337/commands has received [{'id': '1104995307596562515', 'application_id': '1069775557300064337', 'version': '1104995307596562516', 'default_member_permissions': None, 'type': 1, 'name': 'hello', 'name_localizations': None, 'description': 'No description provided', 'description_localizations': None, 'dm_permission': True, 'contexts': None, 'nsfw': False}]
2023-05-08 00:56:52,795:DEBUG:discord.client: Dispatching event ready
2023-05-08 00:57:02,667:DEBUG:discord.gateway: For Shard ID None: WebSocket Event: {'t': 'INTERACTION_CREATE', 's': 3, 'op': 0, 'd': {'version': 1, 'type': 2, 'token': 'aW50ZXJhY3Rpb246MTEwNDk5NTM1NjkxMzE5MzAzMjoxa04zZHNZOXIyY29QR3dnck53eVRzZ05ybm1SUVUwdkVPS0ZVOHVYRmltdk5JZjh3RWJIMVRuSjFkeHlEclpRTTFUUzV2YVQ3MVFaejVhSlc0QmhxR08wdVZFZDlWbWptNnpJWENoY2IxdmpGRjQzOE80eHpUMEhvQnpOSVhwMg', 'member': {'user': {'username': 'BKrenz', 'public_flags': 0, 'id': '118268032110952453', 'global_name': None, 'display_name': None, 'discriminator': '4028', 'avatar_decoration': None, 'avatar': 'c7a1b21086e5d07e6b391c4242702213'}, 'roles': ['1102351895164620830'], 'premium_since': None, 'permissions': '137411140374081', 'pending': False, 'nick': 'Bob', 'mute': False, 'joined_at': '2023-01-31T00:31:55.193000+00:00', 'flags': 0, 'deaf': False, 'communication_disabled_until': None, 'avatar': None}, 'locale': 'en-US', 'id': '1104995356913193032', 'guild_locale': 'en-US', 'guild_id': '1057137564118687955', 'entitlements': [], 'entitlement_sku_ids': [], 'data': {'type': 1, 'name': 'hello', 'id': '1104995307596562515'}, 'channel_id': '1073715822687703051', 'channel': {'type': 0, 'topic': None, 'rate_limit_per_user': 0, 'position': 4, 'permissions': '137411140374081', 'parent_id': '1075565538706722826', 'nsfw': False, 'name': 'bot-error-logs', 'last_message_id': '1104933541357301840', 'id': '1073715822687703051', 'guild_id': '1057137564118687955', 'flags': 0}, 'application_id': '1069775557300064337', 'app_permissions': '140737488355327'}}
2023-05-08 00:57:02,667:DEBUG:discord.client: Dispatching event socket_event_type
2023-05-08 00:57:02,667:DEBUG:discord.client: Dispatching event interaction
2023-05-08 00:57:02,667:DEBUG:discord.client: Dispatching event application_command
2023-05-08 00:57:02,804:DEBUG:discord.gateway: For Shard ID None: WebSocket Event: {'t': 'MESSAGE_CREATE', 's': 4, 'op': 0, 'd': {'webhook_id': '1069775557300064337', 'type': 20, 'tts': False, 'timestamp': '2023-05-08T04:57:03.048000+00:00', 'pinned': False, 'nonce': '1104995355193245696', 'mentions': [], 'mention_roles': [], 'mention_everyone': False, 'member': {'roles': ['1069775844182069262'], 'premium_since': None, 'pending': False, 'nick': None, 'mute': False, 'joined_at': '2023-01-31T00:27:16.849812+00:00', 'flags': 0, 'deaf': False, 'communication_disabled_until': None, 'avatar': None}, 'interaction': {'user': {'username': 'BKrenz', 'public_flags': 0, 'id': '118268032110952453', 'global_name': None, 'display_name': None, 'discriminator': '4028', 'avatar_decoration': None, 'avatar': 'c7a1b21086e5d07e6b391c4242702213'}, 'type': 2, 'name': 'hello', 'member': {'roles': ['1102351895164620830'], 'premium_since': None, 'pending': False, 'nick': 'Bob', 'mute': False, 'joined_at': '2023-01-31T00:31:55.193000+00:00', 'flags': 0, 'deaf': False, 'communication_disabled_until': None, 'avatar': None}, 'id': '1104995356913193032'}, 'id': '1104995357496197230', 'flags': 0, 'embeds': [], 'edited_timestamp': None, 'content': 'Hi, this is a test slash command.', 'components': [], 'channel_id': '1073715822687703051', 'author': {'username': 'Mist Testing Bot', 'public_flags': 0, 'id': '1069775557300064337', 'global_name': None, 'display_name': None, 'discriminator': '3454', 'bot': True, 'avatar_decoration': None, 'avatar': None}, 'attachments': [], 'application_id': '1069775557300064337', 'guild_id': '1057137564118687955'}}
2023-05-08 00:57:02,805:DEBUG:discord.client: Dispatching event socket_event_type
2023-05-08 00:57:02,805:DEBUG:discord.client: Dispatching event message
2023-05-08 00:57:02,883:DEBUG:discord.webhook.async_: Webhook ID 1104995356913193032 with POST https://discord.com/api/v10/interactions/1104995356913193032/aW50ZXJhY3Rpb246MTEwNDk5NTM1NjkxMzE5MzAzMjoxa04zZHNZOXIyY29QR3dnck53eVRzZ05ybm1SUVUwdkVPS0ZVOHVYRmltdk5JZjh3RWJIMVRuSjFkeHlEclpRTTFUUzV2YVQ3MVFaejVhSlc0QmhxR08wdVZFZDlWbWptNnpJWENoY2IxdmpGRjQzOE80eHpUMEhvQnpOSVhwMg/callback has returned status code 204
2023-05-08 00:57:02,883:DEBUG:discord.client: Dispatching event application_command_completion
2023-05-08 00:57:27,573:DEBUG:discord.gateway: For Shard ID None: WebSocket Event: {'t': 'INTERACTION_CREATE', 's': 5, 'op': 0, 'd': {'version': 1, 'type': 2, 'token': 'aW50ZXJhY3Rpb246MTEwNDk5NTQ2MTI2MzI3NDAzNDo5TkM2MHpqbkl2RHBSZkJ6VmRsdHdwa2JIMkJKYTFvZkJXZFQ1UDNOd2ZMNzVJaThoZm9GZFJ1cFNuNjE5ejdaQmdTYWYxaUJqM0ZSblhxTGFKNWRxVTFUdFl2RHl1eVVTb2poU2tpWFNLa2V0bkJCcnZzQ0d3VFRoNXN1OGdGVw', 'member': {'user': {'username': 'BKrenz', 'public_flags': 0, 'id': '118268032110952453', 'global_name': None, 'display_name': None, 'discriminator': '4028', 'avatar_decoration': None, 'avatar': 'c7a1b21086e5d07e6b391c4242702213'}, 'roles': ['1102351895164620830'], 'premium_since': None, 'permissions': '137411140374081', 'pending': False, 'nick': 'Bob', 'mute': False, 'joined_at': '2023-01-31T00:31:55.193000+00:00', 'flags': 0, 'deaf': False, 'communication_disabled_until': None, 'avatar': None}, 'locale': 'en-US', 'id': '1104995461263274034', 'guild_locale': 'en-US', 'guild_id': '1057137564118687955', 'entitlements': [], 'entitlement_sku_ids': [], 'data': {'type': 1, 'name': 'hello', 'id': '1104995307596562515'}, 'channel_id': '1069777277107318794', 'channel': {'type': 0, 'topic': None, 'rate_limit_per_user': 0, 'position': 5, 'permissions': '137411140374081', 'parent_id': '1075565538706722826', 'nsfw': False, 'name': 'bot-testing', 'last_message_id': '1104848869206011924', 'id': '1069777277107318794', 'guild_id': '1057137564118687955', 'flags': 0}, 'application_id': '1069775557300064337', 'app_permissions': '140737488355327'}}
2023-05-08 00:57:27,573:DEBUG:discord.client: Dispatching event socket_event_type
2023-05-08 00:57:27,574:DEBUG:discord.client: Dispatching event interaction
2023-05-08 00:57:27,574:DEBUG:discord.client: Dispatching event application_command
2023-05-08 00:57:27,730:DEBUG:discord.gateway: For Shard ID None: WebSocket Event: {'t': 'MESSAGE_CREATE', 's': 6, 'op': 0, 'd': {'webhook_id': '1069775557300064337', 'type': 20, 'tts': False, 'timestamp': '2023-05-08T04:57:27.980000+00:00', 'pinned': False, 'nonce': '1104995459480420352', 'mentions': [], 'mention_roles': [], 'mention_everyone': False, 'member': {'roles': ['1069775844182069262'], 'premium_since': None, 'pending': False, 'nick': None, 'mute': False, 'joined_at': '2023-01-31T00:27:16.849812+00:00', 'flags': 0, 'deaf': False, 'communication_disabled_until': None, 'avatar': None}, 'interaction': {'user': {'username': 'BKrenz', 'public_flags': 0, 'id': '118268032110952453', 'global_name': None, 'display_name': None, 'discriminator': '4028', 'avatar_decoration': None, 'avatar': 'c7a1b21086e5d07e6b391c4242702213'}, 'type': 2, 'name': 'hello', 'member': {'roles': ['1102351895164620830'], 'premium_since': None, 'pending': False, 'nick': 'Bob', 'mute': False, 'joined_at': '2023-01-31T00:31:55.193000+00:00', 'flags': 0, 'deaf': False, 'communication_disabled_until': None, 'avatar': None}, 'id': '1104995461263274034'}, 'id': '1104995462068584518', 'flags': 0, 'embeds': [], 'edited_timestamp': None, 'content': 'Hi, this is a test slash command.', 'components': [], 'channel_id': '1069777277107318794', 'author': {'username': 'Mist Testing Bot', 'public_flags': 0, 'id': '1069775557300064337', 'global_name': None, 'display_name': None, 'discriminator': '3454', 'bot': True, 'avatar_decoration': None, 'avatar': None}, 'attachments': [], 'application_id': '1069775557300064337', 'guild_id': '1057137564118687955'}}
2023-05-08 00:57:27,731:DEBUG:discord.client: Dispatching event socket_event_type
2023-05-08 00:57:27,731:DEBUG:discord.client: Dispatching event message
2023-05-08 00:57:27,763:DEBUG:discord.webhook.async_: Webhook ID 1104995461263274034 with POST https://discord.com/api/v10/interactions/1104995461263274034/aW50ZXJhY3Rpb246MTEwNDk5NTQ2MTI2MzI3NDAzNDo5TkM2MHpqbkl2RHBSZkJ6VmRsdHdwa2JIMkJKYTFvZkJXZFQ1UDNOd2ZMNzVJaThoZm9GZFJ1cFNuNjE5ejdaQmdTYWYxaUJqM0ZSblhxTGFKNWRxVTFUdFl2RHl1eVVTb2poU2tpWFNLa2V0bkJCcnZzQ0d3VFRoNXN1OGdGVw/callback has returned status code 204
2023-05-08 00:57:27,763:DEBUG:discord.client: Dispatching event application_command_completion
2023-05-08 00:57:30,744:DEBUG:discord.gateway: For Shard ID None: WebSocket Event: {'t': 'MESSAGE_CREATE', 's': 7, 'op': 0, 'd': {'type': 0, 'tts': False, 'timestamp': '2023-05-08T04:57:30.993000+00:00', 'referenced_message': None, 'pinned': False, 'nonce': '1104995473116102656', 'mentions': [], 'mention_roles': [], 'mention_everyone': False, 'member': {'roles': ['1102351895164620830'], 'premium_since': None, 'pending': False, 'nick': 'Bob', 'mute': False, 'joined_at': '2023-01-31T00:31:55.193000+00:00', 'flags': 0, 'deaf': False, 'communication_disabled_until': None, 'avatar': None}, 'id': '1104995474706006046', 'flags': 0, 'embeds': [], 'edited_timestamp': None, 'content': 'dope', 'components': [], 'channel_id': '1069777277107318794', 'author': {'username': 'BKrenz', 'public_flags': 0, 'id': '118268032110952453', 'global_name': None, 'display_name': None, 'discriminator': '4028', 'avatar_decoration': None, 'avatar': 'c7a1b21086e5d07e6b391c4242702213'}, 'attachments': [], 'guild_id': '1057137564118687955'}}
2023-05-08 00:57:30,744:DEBUG:discord.client: Dispatching event socket_event_type
2023-05-08 00:57:30,744:DEBUG:discord.client: Dispatching event message
2023-05-08 00:57:31,909:DEBUG:discord.gateway: Keeping shard ID None websocket alive with sequence 7.
2023-05-08 00:57:31,941:DEBUG:discord.gateway: For Shard ID None: WebSocket Event: {'t': None, 's': None, 'op': 11, 'd': None}
2023-05-08 00:58:13,160:DEBUG:discord.gateway: Keeping shard ID None websocket alive with sequence 7.
2023-05-08 00:58:13,201:DEBUG:discord.gateway: For Shard ID None: WebSocket Event: {'t': None, 's': None, 'op': 11, 'd': None}
2023-05-08 00:58:54,418:DEBUG:discord.gateway: Keeping shard ID None websocket alive with sequence 7.
2023-05-08 00:58:54,449:DEBUG:discord.gateway: For Shard ID None: WebSocket Event: {'t': None, 's': None, 'op': 11, 'd': None}
2023-05-08 00:59:35,677:DEBUG:discord.gateway: Keeping shard ID None websocket alive with sequence 7.
2023-05-08 00:59:35,709:DEBUG:discord.gateway: For Shard ID None: WebSocket Event: {'t': None, 's': None, 'op': 11, 'd': None}
2023-05-08 01:00:16,939:DEBUG:discord.gateway: Keeping shard ID None websocket alive with sequence 7.
2023-05-08 01:00:16,972:DEBUG:discord.gateway: For Shard ID None: WebSocket Event: {'t': None, 's': None, 'op': 11, 'd': None}
2023-05-08 01:00:58,204:DEBUG:discord.gateway: Keeping shard ID None websocket alive with sequence 7.
2023-05-08 01:00:58,238:DEBUG:discord.gateway: For Shard ID None: WebSocket Event: {'t': None, 's': None, 'op': 11, 'd': None}
2023-05-08 01:01:39,464:DEBUG:discord.gateway: Keeping shard ID None websocket alive with sequence 7.
2023-05-08 01:01:39,498:DEBUG:discord.gateway: For Shard ID None: WebSocket Event: {'t': None, 's': None, 'op': 11, 'd': None}
2023-05-08 01:02:20,723:DEBUG:discord.gateway: Keeping shard ID None websocket alive with sequence 7.
2023-05-08 01:02:20,757:DEBUG:discord.gateway: For Shard ID None: WebSocket Event: {'t': None, 's': None, 'op': 11, 'd': None}
2023-05-08 01:03:01,979:DEBUG:discord.gateway: Keeping shard ID None websocket alive with sequence 7.
2023-05-08 01:03:02,014:DEBUG:discord.gateway: For Shard ID None: WebSocket Event: {'t': None, 's': None, 'op': 11, 'd': None}
2023-05-08 01:03:03,913:DEBUG:discord.gateway: For Shard ID None: WebSocket Event: {'t': 'PRESENCE_UPDATE', 's': 8, 'op': 0, 'd': {'user': {'id': '469566591206686730'}, 'status': 'online', 'guild_id': '1057137564118687955', 'client_status': {'mobile': 'online', 'desktop': 'idle'}, 'activities': []}}
2023-05-08 01:03:03,913:DEBUG:discord.client: Dispatching event socket_event_type
2023-05-08 01:03:03,914:DEBUG:discord.client: Dispatching event presence_update
2023-05-08 01:03:43,242:DEBUG:discord.gateway: Keeping shard ID None websocket alive with sequence 8.
2023-05-08 01:03:43,273:DEBUG:discord.gateway: For Shard ID None: WebSocket Event: {'t': None, 's': None, 'op': 11, 'd': None}
2023-05-08 01:04:24,495:DEBUG:discord.gateway: Keeping shard ID None websocket alive with sequence 8.
2023-05-08 01:04:24,526:DEBUG:discord.gateway: For Shard ID None: WebSocket Event: {'t': None, 's': None, 'op': 11, 'd': None}
2023-05-08 01:05:05,748:DEBUG:discord.gateway: Keeping shard ID None websocket alive with sequence 8.
2023-05-08 01:05:05,781:DEBUG:discord.gateway: For Shard ID None: WebSocket Event: {'t': None, 's': None, 'op': 11, 'd': None}
2023-05-08 01:05:47,009:DEBUG:discord.gateway: Keeping shard ID None websocket alive with sequence 8.
2023-05-08 01:05:47,042:DEBUG:discord.gateway: For Shard ID None: WebSocket Event: {'t': None, 's': None, 'op': 11, 'd': None}
2023-05-08 01:06:28,269:DEBUG:discord.gateway: Keeping shard ID None websocket alive with sequence 8.
2023-05-08 01:06:28,301:DEBUG:discord.gateway: For Shard ID None: WebSocket Event: {'t': None, 's': None, 'op': 11, 'd': None}
2023-05-08 01:07:09,529:DEBUG:discord.gateway: Keeping shard ID None websocket alive with sequence 8.
2023-05-08 01:07:09,562:DEBUG:discord.gateway: For Shard ID None: WebSocket Event: {'t': None, 's': None, 'op': 11, 'd': None}
2023-05-08 01:07:50,788:DEBUG:discord.gateway: Keeping shard ID None websocket alive with sequence 8.
2023-05-08 01:07:50,821:DEBUG:discord.gateway: For Shard ID None: WebSocket Event: {'t': None, 's': None, 'op': 11, 'd': None}
2023-05-08 01:08:32,042:DEBUG:discord.gateway: Keeping shard ID None websocket alive with sequence 8.
2023-05-08 01:08:32,074:DEBUG:discord.gateway: For Shard ID None: WebSocket Event: {'t': None, 's': None, 'op': 11, 'd': None}
2023-05-08 01:08:37,321:DEBUG:discord.gateway: For Shard ID None: WebSocket Event: {'t': 'PRESENCE_UPDATE', 's': 9, 'op': 0, 'd': {'user': {'id': '217147550027874314'}, 'status': 'online', 'guild_id': '1057137564118687955', 'client_status': {'desktop': 'online'}, 'activities': []}}
2023-05-08 01:08:37,321:DEBUG:discord.client: Dispatching event socket_event_type
2023-05-08 01:08:37,321:DEBUG:discord.client: Dispatching event presence_update
2023-05-08 01:08:40,906:DEBUG:discord.gateway: For Shard ID None: WebSocket Event: {'t': 'PRESENCE_UPDATE', 's': 10, 'op': 0, 'd': {'user': {'id': '469566591206686730'}, 'status': 'idle', 'guild_id': '1057137564118687955', 'client_status': {'desktop': 'idle'}, 'activities': []}}
2023-05-08 01:08:40,906:DEBUG:discord.client: Dispatching event socket_event_type
2023-05-08 01:08:40,906:DEBUG:discord.client: Dispatching event presence_update
2023-05-08 01:09:13,302:DEBUG:discord.gateway: Keeping shard ID None websocket alive with sequence 10.
2023-05-08 01:09:13,335:DEBUG:discord.gateway: For Shard ID None: WebSocket Event: {'t': None, 's': None, 'op': 11, 'd': None}
2023-05-08 01:09:19,663:DEBUG:discord.gateway: For Shard ID None: WebSocket Event: {'t': 'PRESENCE_UPDATE', 's': 11, 'op': 0, 'd': {'user': {'id': '161697026516451328'}, 'status': 'online', 'guild_id': '1057137564118687955', 'client_status': {'desktop': 'online'}, 'activities': []}}
2023-05-08 01:09:19,664:DEBUG:discord.client: Dispatching event socket_event_type
2023-05-08 01:09:19,664:DEBUG:discord.client: Dispatching event presence_update
2023-05-08 01:09:54,556:DEBUG:discord.gateway: Keeping shard ID None websocket alive with sequence 11.
2023-05-08 01:09:54,590:DEBUG:discord.gateway: For Shard ID None: WebSocket Event: {'t': None, 's': None, 'op': 11, 'd': None}
2023-05-08 01:10:35,820:DEBUG:discord.gateway: Keeping shard ID None websocket alive with sequence 11.
2023-05-08 01:10:35,853:DEBUG:discord.gateway: For Shard ID None: WebSocket Event: {'t': None, 's': None, 'op': 11, 'd': None}
2023-05-08 01:11:17,083:DEBUG:discord.gateway: Keeping shard ID None websocket alive with sequence 11.
2023-05-08 01:11:17,116:DEBUG:discord.gateway: For Shard ID None: WebSocket Event: {'t': None, 's': None, 'op': 11, 'd': None}
2023-05-08 01:11:58,334:DEBUG:discord.gateway: Keeping shard ID None websocket alive with sequence 11.
2023-05-08 01:11:58,369:DEBUG:discord.gateway: For Shard ID None: WebSocket Event: {'t': None, 's': None, 'op': 11, 'd': None}
2023-05-08 01:12:39,599:DEBUG:discord.gateway: Keeping shard ID None websocket alive with sequence 11.
2023-05-08 01:12:39,632:DEBUG:discord.gateway: For Shard ID None: WebSocket Event: {'t': None, 's': None, 'op': 11, 'd': None}
2023-05-08 01:13:20,859:DEBUG:discord.gateway: Keeping shard ID None websocket alive with sequence 11.
2023-05-08 01:13:20,859:DEBUG:discord.gateway: For Shard ID None: WebSocket Event: {'t': 'PRESENCE_UPDATE', 's': 12, 'op': 0, 'd': {'user': {'id': '469566591206686730'}, 'status': 'online', 'guild_id': '1057137564118687955', 'client_status': {'mobile': 'online', 'desktop': 'idle'}, 'activities': []}}
2023-05-08 01:13:20,859:DEBUG:discord.client: Dispatching event socket_event_type
2023-05-08 01:13:20,859:DEBUG:discord.client: Dispatching event presence_update
2023-05-08 01:13:20,891:DEBUG:discord.gateway: For Shard ID None: WebSocket Event: {'t': None, 's': None, 'op': 11, 'd': None}
2023-05-08 01:14:02,118:DEBUG:discord.gateway: Keeping shard ID None websocket alive with sequence 12.
2023-05-08 01:14:02,151:DEBUG:discord.gateway: For Shard ID None: WebSocket Event: {'t': None, 's': None, 'op': 11, 'd': None}
2023-05-08 01:14:43,381:DEBUG:discord.gateway: Keeping shard ID None websocket alive with sequence 12.
2023-05-08 01:14:43,413:DEBUG:discord.gateway: For Shard ID None: WebSocket Event: {'t': None, 's': None, 'op': 11, 'd': None}
2023-05-08 01:15:21,112:DEBUG:discord.gateway: For Shard ID None: WebSocket Event: {'t': 'PRESENCE_UPDATE', 's': 13, 'op': 0, 'd': {'user': {'id': '469566591206686730'}, 'status': 'idle', 'guild_id': '1057137564118687955', 'client_status': {'desktop': 'idle'}, 'activities': []}}
2023-05-08 01:15:21,112:DEBUG:discord.client: Dispatching event socket_event_type
2023-05-08 01:15:21,112:DEBUG:discord.client: Dispatching event presence_update
2023-05-08 01:15:24,644:DEBUG:discord.gateway: Keeping shard ID None websocket alive with sequence 13.
2023-05-08 01:15:24,681:DEBUG:discord.gateway: For Shard ID None: WebSocket Event: {'t': None, 's': None, 'op': 11, 'd': None}
2023-05-08 01:16:05,898:DEBUG:discord.gateway: Keeping shard ID None websocket alive with sequence 13.
2023-05-08 01:16:05,930:DEBUG:discord.gateway: For Shard ID None: WebSocket Event: {'t': None, 's': None, 'op': 11, 'd': None}
2023-05-08 01:16:47,157:DEBUG:discord.gateway: Keeping shard ID None websocket alive with sequence 13.
2023-05-08 01:16:47,189:DEBUG:discord.gateway: For Shard ID None: WebSocket Event: {'t': None, 's': None, 'op': 11, 'd': None}
2023-05-08 01:17:28,413:DEBUG:discord.gateway: Keeping shard ID None websocket alive with sequence 13.
2023-05-08 01:17:28,458:DEBUG:discord.gateway: For Shard ID None: WebSocket Event: {'t': None, 's': None, 'op': 11, 'd': None}
2023-05-08 01:18:09,667:DEBUG:discord.gateway: Keeping shard ID None websocket alive with sequence 13.
2023-05-08 01:18:09,709:DEBUG:discord.gateway: For Shard ID None: WebSocket Event: {'t': None, 's': None, 'op': 11, 'd': None}
2023-05-08 01:18:50,919:DEBUG:discord.gateway: Keeping shard ID None websocket alive with sequence 13.
2023-05-08 01:18:50,953:DEBUG:discord.gateway: For Shard ID None: WebSocket Event: {'t': None, 's': None, 'op': 11, 'd': None}
2023-05-08 01:19:21,534:DEBUG:discord.gateway: For Shard ID None: WebSocket Event: {'t': 'PRESENCE_UPDATE', 's': 14, 'op': 0, 'd': {'user': {'id': '161697026516451328'}, 'status': 'idle', 'guild_id': '1057137564118687955', 'client_status': {'desktop': 'idle'}, 'activities': []}}
2023-05-08 01:19:21,534:DEBUG:discord.client: Dispatching event socket_event_type
2023-05-08 01:19:21,534:DEBUG:discord.client: Dispatching event presence_update
2023-05-08 01:19:32,181:DEBUG:discord.gateway: Keeping shard ID None websocket alive with sequence 14.
2023-05-08 01:19:32,214:DEBUG:discord.gateway: For Shard ID None: WebSocket Event: {'t': None, 's': None, 'op': 11, 'd': None}
2023-05-08 01:20:13,439:DEBUG:discord.gateway: Keeping shard ID None websocket alive with sequence 14.
2023-05-08 01:20:13,478:DEBUG:discord.gateway: For Shard ID None: WebSocket Event: {'t': None, 's': None, 'op': 11, 'd': None}
2023-05-08 01:20:54,693:DEBUG:discord.gateway: Keeping shard ID None websocket alive with sequence 14.
2023-05-08 01:20:54,728:DEBUG:discord.gateway: For Shard ID None: WebSocket Event: {'t': None, 's': None, 'op': 11, 'd': None}
2023-05-08 01:21:35,945:DEBUG:discord.gateway: Keeping shard ID None websocket alive with sequence 14.
2023-05-08 01:21:35,979:DEBUG:discord.gateway: For Shard ID None: WebSocket Event: {'t': None, 's': None, 'op': 11, 'd': None}
2023-05-08 01:22:17,210:DEBUG:discord.gateway: Keeping shard ID None websocket alive with sequence 14.
2023-05-08 01:22:17,243:DEBUG:discord.gateway: For Shard ID None: WebSocket Event: {'t': None, 's': None, 'op': 11, 'd': None}
2023-05-08 01:22:37,780:DEBUG:discord.gateway: For Shard ID None: WebSocket Event: {'t': 'PRESENCE_UPDATE', 's': 15, 'op': 0, 'd': {'user': {'id': '217147550027874314'}, 'status': 'online', 'guild_id': '1057137564118687955', 'client_status': {'mobile': 'online', 'desktop': 'online'}, 'activities': []}}
2023-05-08 01:22:37,780:DEBUG:discord.client: Dispatching event socket_event_type
2023-05-08 01:22:37,781:DEBUG:discord.client: Dispatching event presence_update
2023-05-08 01:22:44,906:DEBUG:discord.gateway: For Shard ID None: WebSocket Event: {'t': 'PRESENCE_UPDATE', 's': 16, 'op': 0, 'd': {'user': {'id': '217147550027874314'}, 'status': 'online', 'guild_id': '1057137564118687955', 'client_status': {'mobile': 'online'}, 'activities': []}}
2023-05-08 01:22:44,906:DEBUG:discord.client: Dispatching event socket_event_type
2023-05-08 01:22:44,906:DEBUG:discord.client: Dispatching event presence_update
2023-05-08 01:22:58,465:DEBUG:discord.gateway: Keeping shard ID None websocket alive with sequence 16.
2023-05-08 01:22:58,499:DEBUG:discord.gateway: For Shard ID None: WebSocket Event: {'t': None, 's': None, 'op': 11, 'd': None}
2023-05-08 01:23:39,726:DEBUG:discord.gateway: Keeping shard ID None websocket alive with sequence 16.
2023-05-08 01:23:39,760:DEBUG:discord.gateway: For Shard ID None: WebSocket Event: {'t': None, 's': None, 'op': 11, 'd': None}
2023-05-08 01:24:20,977:DEBUG:discord.gateway: Keeping shard ID None websocket alive with sequence 16.
2023-05-08 01:24:21,013:DEBUG:discord.gateway: For Shard ID None: WebSocket Event: {'t': None, 's': None, 'op': 11, 'd': None}
2023-05-08 01:24:37,970:DEBUG:discord.gateway: For Shard ID None: WebSocket Event: {'t': 'PRESENCE_UPDATE', 's': 17, 'op': 0, 'd': {'user': {'id': '217147550027874314'}, 'status': 'offline', 'guild_id': '1057137564118687955', 'client_status': {}, 'activities': []}}
2023-05-08 01:24:37,970:DEBUG:discord.client: Dispatching event socket_event_type
2023-05-08 01:24:37,970:DEBUG:discord.client: Dispatching event presence_update
2023-05-08 01:25:02,243:DEBUG:discord.gateway: Keeping shard ID None websocket alive with sequence 17.
2023-05-08 01:25:02,277:DEBUG:discord.gateway: For Shard ID None: WebSocket Event: {'t': None, 's': None, 'op': 11, 'd': None}
2023-05-08 01:25:17,068:DEBUG:discord.gateway: For Shard ID None: WebSocket Event: {'t': 'PRESENCE_UPDATE', 's': 18, 'op': 0, 'd': {'user': {'id': '161697026516451328'}, 'status': 'idle', 'guild_id': '1057137564118687955', 'client_status': {'mobile': 'idle', 'desktop': 'idle'}, 'activities': []}}
2023-05-08 01:25:17,068:DEBUG:discord.client: Dispatching event socket_event_type
2023-05-08 01:25:17,069:DEBUG:discord.client: Dispatching event presence_update
2023-05-08 01:25:43,497:DEBUG:discord.gateway: Keeping shard ID None websocket alive with sequence 18.
2023-05-08 01:25:43,533:DEBUG:discord.gateway: For Shard ID None: WebSocket Event: {'t': None, 's': None, 'op': 11, 'd': None}
2023-05-08 01:26:20,444:DEBUG:discord.gateway: For Shard ID None: WebSocket Event: {'t': 'PRESENCE_UPDATE', 's': 19, 'op': 0, 'd': {'user': {'username': 'spuggies', 'id': '217147550027874314', 'global_name': None, 'discriminator': '0001', 'avatar_decoration': None, 'avatar': '6f698e6c3e6245d2dadf162dad825561'}, 'status': 'online', 'guild_id': '1057137564118687955', 'client_status': {'mobile': 'online'}, 'activities': []}}
2023-05-08 01:26:20,444:DEBUG:discord.client: Dispatching event socket_event_type
2023-05-08 01:26:20,444:DEBUG:discord.client: Dispatching event presence_update
2023-05-08 01:26:24,753:DEBUG:discord.gateway: Keeping shard ID None websocket alive with sequence 19.
2023-05-08 01:26:24,790:DEBUG:discord.gateway: For Shard ID None: WebSocket Event: {'t': None, 's': None, 'op': 11, 'd': None}
2023-05-08 01:26:45,200:DEBUG:discord.gateway: For Shard ID None: WebSocket Event: {'t': 'PRESENCE_UPDATE', 's': 20, 'op': 0, 'd': {'user': {'id': '161697026516451328'}, 'status': 'online', 'guild_id': '1057137564118687955', 'client_status': {'mobile': 'online', 'desktop': 'idle'}, 'activities': []}}
2023-05-08 01:26:45,200:DEBUG:discord.client: Dispatching event socket_event_type
2023-05-08 01:26:45,200:DEBUG:discord.client: Dispatching event presence_update
2023-05-08 01:27:06,005:DEBUG:discord.gateway: Keeping shard ID None websocket alive with sequence 20.
2023-05-08 01:27:06,038:DEBUG:discord.gateway: For Shard ID None: WebSocket Event: {'t': None, 's': None, 'op': 11, 'd': None}
2023-05-08 01:27:22,256:DEBUG:discord.gateway: For Shard ID None: WebSocket Event: {'t': 'PRESENCE_UPDATE', 's': 21, 'op': 0, 'd': {'user': {'id': '161697026516451328'}, 'status': 'idle', 'guild_id': '1057137564118687955', 'client_status': {'mobile': 'idle', 'desktop': 'idle'}, 'activities': []}}
2023-05-08 01:27:22,256:DEBUG:discord.client: Dispatching event socket_event_type
2023-05-08 01:27:22,256:DEBUG:discord.client: Dispatching event presence_update
2023-05-08 01:27:47,265:DEBUG:discord.gateway: Keeping shard ID None websocket alive with sequence 21.
2023-05-08 01:27:47,307:DEBUG:discord.gateway: For Shard ID None: WebSocket Event: {'t': None, 's': None, 'op': 11, 'd': None}
2023-05-08 01:27:49,283:DEBUG:discord.gateway: For Shard ID None: WebSocket Event: {'t': 'PRESENCE_UPDATE', 's': 22, 'op': 0, 'd': {'user': {'id': '161697026516451328'}, 'status': 'online', 'guild_id': '1057137564118687955', 'client_status': {'mobile': 'online', 'desktop': 'idle'}, 'activities': []}}
2023-05-08 01:27:49,283:DEBUG:discord.client: Dispatching event socket_event_type
2023-05-08 01:27:49,283:DEBUG:discord.client: Dispatching event presence_update
2023-05-08 01:27:50,821:DEBUG:discord.gateway: For Shard ID None: WebSocket Event: {'t': 'PRESENCE_UPDATE', 's': 23, 'op': 0, 'd': {'user': {'id': '161697026516451328'}, 'status': 'idle', 'guild_id': '1057137564118687955', 'client_status': {'mobile': 'idle', 'desktop': 'idle'}, 'activities': []}}
2023-05-08 01:27:50,821:DEBUG:discord.client: Dispatching event socket_event_type
2023-05-08 01:27:50,821:DEBUG:discord.client: Dispatching event presence_update
2023-05-08 01:28:20,520:DEBUG:discord.gateway: For Shard ID None: WebSocket Event: {'t': 'PRESENCE_UPDATE', 's': 24, 'op': 0, 'd': {'user': {'id': '217147550027874314'}, 'status': 'offline', 'guild_id': '1057137564118687955', 'client_status': {}, 'activities': []}}
2023-05-08 01:28:20,521:DEBUG:discord.client: Dispatching event socket_event_type
2023-05-08 01:28:20,521:DEBUG:discord.client: Dispatching event presence_update
2023-05-08 01:28:28,526:DEBUG:discord.gateway: Keeping shard ID None websocket alive with sequence 24.
2023-05-08 01:28:28,559:DEBUG:discord.gateway: For Shard ID None: WebSocket Event: {'t': None, 's': None, 'op': 11, 'd': None}
2023-05-08 01:29:09,787:DEBUG:discord.gateway: Keeping shard ID None websocket alive with sequence 24.
2023-05-08 01:29:09,819:DEBUG:discord.gateway: For Shard ID None: WebSocket Event: {'t': None, 's': None, 'op': 11, 'd': None}
2023-05-08 01:29:51,047:DEBUG:discord.gateway: Keeping shard ID None websocket alive with sequence 24.
2023-05-08 01:29:51,081:DEBUG:discord.gateway: For Shard ID None: WebSocket Event: {'t': None, 's': None, 'op': 11, 'd': None}
2023-05-08 01:30:32,306:DEBUG:discord.gateway: Keeping shard ID None websocket alive with sequence 24.
2023-05-08 01:30:32,345:DEBUG:discord.gateway: For Shard ID None: WebSocket Event: {'t': None, 's': None, 'op': 11, 'd': None}
2023-05-08 01:31:13,570:DEBUG:discord.gateway: Keeping shard ID None websocket alive with sequence 24.
2023-05-08 01:31:13,604:DEBUG:discord.gateway: For Shard ID None: WebSocket Event: {'t': None, 's': None, 'op': 11, 'd': None}
2023-05-08 01:31:54,826:DEBUG:discord.gateway: Keeping shard ID None websocket alive with sequence 24.
2023-05-08 01:31:54,861:DEBUG:discord.gateway: For Shard ID None: WebSocket Event: {'t': None, 's': None, 'op': 11, 'd': None}
2023-05-08 01:32:36,087:DEBUG:discord.gateway: Keeping shard ID None websocket alive with sequence 24.
2023-05-08 01:32:36,120:DEBUG:discord.gateway: For Shard ID None: WebSocket Event: {'t': None, 's': None, 'op': 11, 'd': None}
2023-05-08 01:33:17,351:DEBUG:discord.gateway: Keeping shard ID None websocket alive with sequence 24.
2023-05-08 01:33:17,384:DEBUG:discord.gateway: For Shard ID None: WebSocket Event: {'t': None, 's': None, 'op': 11, 'd': None}
2023-05-08 01:33:58,608:DEBUG:discord.gateway: Keeping shard ID None websocket alive with sequence 24.
2023-05-08 01:33:58,643:DEBUG:discord.gateway: For Shard ID None: WebSocket Event: {'t': None, 's': None, 'op': 11, 'd': None}
2023-05-08 01:34:39,862:DEBUG:discord.gateway: Keeping shard ID None websocket alive with sequence 24.
2023-05-08 01:34:39,900:DEBUG:discord.gateway: For Shard ID None: WebSocket Event: {'t': None, 's': None, 'op': 11, 'd': None}
2023-05-08 01:35:21,120:DEBUG:discord.gateway: Keeping shard ID None websocket alive with sequence 24.
2023-05-08 01:35:21,154:DEBUG:discord.gateway: For Shard ID None: WebSocket Event: {'t': None, 's': None, 'op': 11, 'd': None}
2023-05-08 01:36:02,374:DEBUG:discord.gateway: Keeping shard ID None websocket alive with sequence 24.
2023-05-08 01:36:02,408:DEBUG:discord.gateway: For Shard ID None: WebSocket Event: {'t': None, 's': None, 'op': 11, 'd': None}
2023-05-08 01:36:10,773:DEBUG:discord.gateway: For Shard ID None: WebSocket Event: {'t': 'PRESENCE_UPDATE', 's': 25, 'op': 0, 'd': {'user': {'id': '161697026516451328'}, 'status': 'idle', 'guild_id': '1057137564118687955', 'client_status': {'desktop': 'idle'}, 'activities': []}}
2023-05-08 01:36:10,774:DEBUG:discord.client: Dispatching event socket_event_type
2023-05-08 01:36:10,774:DEBUG:discord.client: Dispatching event presence_update
2023-05-08 01:36:43,638:DEBUG:discord.gateway: Keeping shard ID None websocket alive with sequence 25.
2023-05-08 01:36:43,671:DEBUG:discord.gateway: For Shard ID None: WebSocket Event: {'t': None, 's': None, 'op': 11, 'd': None}
2023-05-08 01:37:24,893:DEBUG:discord.gateway: Keeping shard ID None websocket alive with sequence 25.
2023-05-08 01:37:24,929:DEBUG:discord.gateway: For Shard ID None: WebSocket Event: {'t': None, 's': None, 'op': 11, 'd': None}
2023-05-08 01:38:06,147:DEBUG:discord.gateway: Keeping shard ID None websocket alive with sequence 25.
2023-05-08 01:38:06,188:DEBUG:discord.gateway: For Shard ID None: WebSocket Event: {'t': None, 's': None, 'op': 11, 'd': None}
2023-05-08 01:38:47,404:DEBUG:discord.gateway: Keeping shard ID None websocket alive with sequence 25.
2023-05-08 01:38:47,441:DEBUG:discord.gateway: For Shard ID None: WebSocket Event: {'t': None, 's': None, 'op': 11, 'd': None}
2023-05-08 01:39:28,659:DEBUG:discord.gateway: Keeping shard ID None websocket alive with sequence 25.
2023-05-08 01:39:28,699:DEBUG:discord.gateway: For Shard ID None: WebSocket Event: {'t': None, 's': None, 'op': 11, 'd': None}
2023-05-08 01:40:09,920:DEBUG:discord.gateway: Keeping shard ID None websocket alive with sequence 25.
2023-05-08 01:40:09,955:DEBUG:discord.gateway: For Shard ID None: WebSocket Event: {'t': None, 's': None, 'op': 11, 'd': None}
2023-05-08 01:40:51,177:DEBUG:discord.gateway: Keeping shard ID None websocket alive with sequence 25.
2023-05-08 01:40:51,210:DEBUG:discord.gateway: For Shard ID None: WebSocket Event: {'t': None, 's': None, 'op': 11, 'd': None}
2023-05-08 01:41:32,433:DEBUG:discord.gateway: Keeping shard ID None websocket alive with sequence 25.
2023-05-08 01:41:32,467:DEBUG:discord.gateway: For Shard ID None: WebSocket Event: {'t': None, 's': None, 'op': 11, 'd': None}
2023-05-08 01:42:13,687:DEBUG:discord.gateway: Keeping shard ID None websocket alive with sequence 25.
2023-05-08 01:42:13,721:DEBUG:discord.gateway: For Shard ID None: WebSocket Event: {'t': None, 's': None, 'op': 11, 'd': None}
2023-05-08 01:42:54,944:DEBUG:discord.gateway: Keeping shard ID None websocket alive with sequence 25.
2023-05-08 01:42:54,978:DEBUG:discord.gateway: For Shard ID None: WebSocket Event: {'t': None, 's': None, 'op': 11, 'd': None}
2023-05-08 01:43:36,208:DEBUG:discord.gateway: Keeping shard ID None websocket alive with sequence 25.
2023-05-08 01:43:36,244:DEBUG:discord.gateway: For Shard ID None: WebSocket Event: {'t': None, 's': None, 'op': 11, 'd': None}
2023-05-08 01:44:17,467:DEBUG:discord.gateway: Keeping shard ID None websocket alive with sequence 25.
2023-05-08 01:44:17,502:DEBUG:discord.gateway: For Shard ID None: WebSocket Event: {'t': None, 's': None, 'op': 11, 'd': None}
2023-05-08 01:44:58,729:DEBUG:discord.gateway: Keeping shard ID None websocket alive with sequence 25.
2023-05-08 01:44:58,762:DEBUG:discord.gateway: For Shard ID None: WebSocket Event: {'t': None, 's': None, 'op': 11, 'd': None}
2023-05-08 01:45:39,980:DEBUG:discord.gateway: Keeping shard ID None websocket alive with sequence 25.
2023-05-08 01:45:40,014:DEBUG:discord.gateway: For Shard ID None: WebSocket Event: {'t': None, 's': None, 'op': 11, 'd': None}
2023-05-08 01:46:21,245:DEBUG:discord.gateway: Keeping shard ID None websocket alive with sequence 25.
2023-05-08 01:46:21,281:DEBUG:discord.gateway: For Shard ID None: WebSocket Event: {'t': None, 's': None, 'op': 11, 'd': None}
2023-05-08 01:47:02,500:DEBUG:discord.gateway: Keeping shard ID None websocket alive with sequence 25.
2023-05-08 01:47:02,534:DEBUG:discord.gateway: For Shard ID None: WebSocket Event: {'t': None, 's': None, 'op': 11, 'd': None}
2023-05-08 01:47:43,751:DEBUG:discord.gateway: Keeping shard ID None websocket alive with sequence 25.
2023-05-08 01:47:43,783:DEBUG:discord.gateway: For Shard ID None: WebSocket Event: {'t': None, 's': None, 'op': 11, 'd': None}
2023-05-08 01:48:25,012:DEBUG:discord.gateway: Keeping shard ID None websocket alive with sequence 25.
2023-05-08 01:48:25,047:DEBUG:discord.gateway: For Shard ID None: WebSocket Event: {'t': None, 's': None, 'op': 11, 'd': None}
2023-05-08 01:49:06,268:DEBUG:discord.gateway: Keeping shard ID None websocket alive with sequence 25.
2023-05-08 01:49:06,301:DEBUG:discord.gateway: For Shard ID None: WebSocket Event: {'t': None, 's': None, 'op': 11, 'd': None}
2023-05-08 01:49:47,530:DEBUG:discord.gateway: Keeping shard ID None websocket alive with sequence 25.
2023-05-08 01:49:47,563:DEBUG:discord.gateway: For Shard ID None: WebSocket Event: {'t': None, 's': None, 'op': 11, 'd': None}
2023-05-08 01:50:28,793:DEBUG:discord.gateway: Keeping shard ID None websocket alive with sequence 25.
2023-05-08 01:50:28,825:DEBUG:discord.gateway: For Shard ID None: WebSocket Event: {'t': None, 's': None, 'op': 11, 'd': None}
2023-05-08 01:51:10,046:DEBUG:discord.gateway: Keeping shard ID None websocket alive with sequence 25.
2023-05-08 01:51:10,079:DEBUG:discord.gateway: For Shard ID None: WebSocket Event: {'t': None, 's': None, 'op': 11, 'd': None}
2023-05-08 01:51:37,298:DEBUG:discord.gateway: For Shard ID None: WebSocket Event: {'t': 'PRESENCE_UPDATE', 's': 26, 'op': 0, 'd': {'user': {'id': '161697026516451328'}, 'status': 'idle', 'guild_id': '1057137564118687955', 'client_status': {'mobile': 'idle', 'desktop': 'idle'}, 'activities': []}}
2023-05-08 01:51:37,298:DEBUG:discord.client: Dispatching event socket_event_type
2023-05-08 01:51:37,298:DEBUG:discord.client: Dispatching event presence_update
2023-05-08 01:51:51,305:DEBUG:discord.gateway: Keeping shard ID None websocket alive with sequence 26.
2023-05-08 01:51:51,347:DEBUG:discord.gateway: For Shard ID None: WebSocket Event: {'t': None, 's': None, 'op': 11, 'd': None}
